[    0.000000] Linux version 4.15.0-136-generic (buildd@lcy01-amd64-029) (gcc version 7.5.0 (Ubuntu 7.5.0-3ubuntu1~18.04)) #140-Ubuntu SMP Thu Jan 28 05:20:47 UTC 2021 (Ubuntu 4.15.0-136.140-generic 4.15.18)
[    0.000000] Command line: BOOT_IMAGE=/boot/vmlinuz-4.15.0-136-generic root=LABEL=cloudimg-rootfs ro console=tty1 console=ttyS0
[    0.000000] KERNEL supported cpus:
[    0.000000]   Intel GenuineIntel
[    0.000000]   AMD AuthenticAMD
[    0.000000]   Centaur CentaurHauls
[    0.000000] x86/fpu: Supporting XSAVE feature 0x001: 'x87 floating point registers'
[    0.000000] x86/fpu: Supporting XSAVE feature 0x002: 'SSE registers'
[    0.000000] x86/fpu: Supporting XSAVE feature 0x004: 'AVX registers'
[    0.000000] x86/fpu: xstate_offset[2]:  576, xstate_sizes[2]:  256
[    0.000000] x86/fpu: Enabled xstate features 0x7, context size is 832 bytes, using 'standard' format.
[    0.000000] e820: BIOS-provided physical RAM map:
[    0.000000] BIOS-e820: [mem 0x0000000000000000-0x000000000009fbff] usable
[    0.000000] BIOS-e820: [mem 0x000000000009fc00-0x000000000009ffff] reserved
[    0.000000] BIOS-e820: [mem 0x00000000000f0000-0x00000000000fffff] reserved
[    0.000000] BIOS-e820: [mem 0x0000000000100000-0x000000003ffeffff] usable
[    0.000000] BIOS-e820: [mem 0x000000003fff0000-0x000000003fffffff] ACPI data
[    0.000000] BIOS-e820: [mem 0x00000000fec00000-0x00000000fec00fff] reserved
[    0.000000] BIOS-e820: [mem 0x00000000fee00000-0x00000000fee00fff] reserved
[    0.000000] BIOS-e820: [mem 0x00000000fffc0000-0x00000000ffffffff] reserved
[    0.000000] NX (Execute Disable) protection: active
[    0.000000] SMBIOS 2.5 present.
[    0.000000] DMI: innotek GmbH VirtualBox/VirtualBox, BIOS VirtualBox 12/01/2006
[    0.000000] Hypervisor detected: KVM
[    0.000000] e820: last_pfn = 0x3fff0 max_arch_pfn = 0x400000000
[    0.000000] MTRR: Disabled
[    0.000000] x86/PAT: MTRRs disabled, skipping PAT initialization too.
[    0.000000] CPU MTRRs all blank - virtualized system.
[    0.000000] x86/PAT: Configuration [0-7]: WB  WT  UC- UC  WB  WT  UC- UC  
[    0.000000] found SMP MP-table at [mem 0x0009fff0-0x0009ffff]
[    0.000000] Scanning 1 areas for low memory corruption
[    0.000000] RAMDISK: [mem 0x35a63000-0x36d28fff]
[    0.000000] ACPI: Early table checksum verification disabled
[    0.000000] ACPI: RSDP 0x00000000000E0000 000024 (v02 VBOX  )
[    0.000000] ACPI: XSDT 0x000000003FFF0030 00003C (v01 VBOX   VBOXXSDT 00000001 ASL  00000061)
[    0.000000] ACPI: FACP 0x000000003FFF00F0 0000F4 (v04 VBOX   VBOXFACP 00000001 ASL  00000061)
[    0.000000] ACPI: DSDT 0x000000003FFF0470 002325 (v02 VBOX   VBOXBIOS 00000002 INTL 20120111)
[    0.000000] ACPI: FACS 0x000000003FFF0200 000040
[    0.000000] ACPI: FACS 0x000000003FFF0200 000040
[    0.000000] ACPI: APIC 0x000000003FFF0240 00005C (v02 VBOX   VBOXAPIC 00000001 ASL  00000061)
[    0.000000] ACPI: SSDT 0x000000003FFF02A0 0001CC (v01 VBOX   VBOXCPUT 00000002 INTL 20120111)
[    0.000000] No NUMA configuration found
[    0.000000] Faking a node at [mem 0x0000000000000000-0x000000003ffeffff]
[    0.000000] NODE_DATA(0) allocated [mem 0x3ffc5000-0x3ffeffff]
[    0.000000] kvm-clock: cpu 0, msr 0:3ff44001, primary cpu clock
[    0.000000] kvm-clock: Using msrs 4b564d01 and 4b564d00
[    0.000000] kvm-clock: using sched offset of 6719191983 cycles
[    0.000000] clocksource: kvm-clock: mask: 0xffffffffffffffff max_cycles: 0x1cd42e4dffb, max_idle_ns: 881590591483 ns
[    0.000000] Zone ranges:
[    0.000000]   DMA      [mem 0x0000000000001000-0x0000000000ffffff]
[    0.000000]   DMA32    [mem 0x0000000001000000-0x000000003ffeffff]
[    0.000000]   Normal   empty
[    0.000000]   Device   empty
[    0.000000] Movable zone start for each node
[    0.000000] Early memory node ranges
[    0.000000]   node   0: [mem 0x0000000000001000-0x000000000009efff]
[    0.000000]   node   0: [mem 0x0000000000100000-0x000000003ffeffff]
[    0.000000] Reserved but unavailable: 98 pages
[    0.000000] Initmem setup node 0 [mem 0x0000000000001000-0x000000003ffeffff]
[    0.000000] ACPI: PM-Timer IO Port: 0x4008
[    0.000000] IOAPIC[0]: apic_id 2, version 32, address 0xfec00000, GSI 0-23
[    0.000000] ACPI: INT_SRC_OVR (bus 0 bus_irq 0 global_irq 2 dfl dfl)
[    0.000000] ACPI: INT_SRC_OVR (bus 0 bus_irq 9 global_irq 9 low level)
[    0.000000] Using ACPI (MADT) for SMP configuration information
[    0.000000] smpboot: Allowing 2 CPUs, 0 hotplug CPUs
[    0.000000] PM: Registered nosave memory: [mem 0x00000000-0x00000fff]
[    0.000000] PM: Registered nosave memory: [mem 0x0009f000-0x0009ffff]
[    0.000000] PM: Registered nosave memory: [mem 0x000a0000-0x000effff]
[    0.000000] PM: Registered nosave memory: [mem 0x000f0000-0x000fffff]
[    0.000000] e820: [mem 0x40000000-0xfebfffff] available for PCI devices
[    0.000000] Booting paravirtualized kernel on KVM
[    0.000000] clocksource: refined-jiffies: mask: 0xffffffff max_cycles: 0xffffffff, max_idle_ns: 7645519600211568 ns
[    0.000000] random: get_random_bytes called from start_kernel+0x99/0x500 with crng_init=0
[    0.000000] setup_percpu: NR_CPUS:8192 nr_cpumask_bits:2 nr_cpu_ids:2 nr_node_ids:1
[    0.000000] percpu: Embedded 45 pages/cpu s147456 r8192 d28672 u1048576
[    0.000000] PV qspinlock hash table entries: 256 (order: 0, 4096 bytes)
[    0.000000] Built 1 zonelists, mobility grouping on.  Total pages: 257913
[    0.000000] Policy zone: DMA32
[    0.000000] Kernel command line: BOOT_IMAGE=/boot/vmlinuz-4.15.0-136-generic root=LABEL=cloudimg-rootfs ro console=tty1 console=ttyS0
[    0.000000] Memory: 983020K/1048120K available (12300K kernel code, 2482K rwdata, 4276K rodata, 2440K init, 2724K bss, 65100K reserved, 0K cma-reserved)
[    0.000000] SLUB: HWalign=64, Order=0-3, MinObjects=0, CPUs=2, Nodes=1
[    0.000000] Kernel/User page tables isolation: enabled
[    0.000000] ftrace: allocating 39427 entries in 155 pages
[    0.004000] Hierarchical RCU implementation.
[    0.004000] 	RCU restricting CPUs from NR_CPUS=8192 to nr_cpu_ids=2.
[    0.004000] 	Tasks RCU enabled.
[    0.004000] RCU: Adjusting geometry for rcu_fanout_leaf=16, nr_cpu_ids=2
[    0.004000] NR_IRQS: 524544, nr_irqs: 440, preallocated irqs: 16
[    0.004000] Console: colour VGA+ 80x25
[    0.004000] console [tty1] enabled
[    0.004000] console [ttyS0] enabled
[    0.004000] ACPI: Core revision 20170831
[    0.004000] ACPI: 2 ACPI AML tables successfully acquired and loaded
[    0.004000] APIC: Switch to symmetric I/O mode setup
[    0.004000] x2apic enabled
[    0.004000] Switched APIC routing to physical x2apic.
[    0.004000] ..TIMER: vector=0x30 apic1=0 pin1=2 apic2=-1 pin2=-1
[    0.004003] tsc: Detected 2903.998 MHz processor
[    0.004867] Calibrating delay loop (skipped) preset value.. 5807.99 BogoMIPS (lpj=11615992)
[    0.005541] pid_max: default: 32768 minimum: 301
[    0.008029] Security Framework initialized
[    0.008803] Yama: becoming mindful.
[    0.009488] AppArmor: AppArmor initialized
[    0.012000] Dentry cache hash table entries: 131072 (order: 8, 1048576 bytes)
[    0.012055] Inode-cache hash table entries: 65536 (order: 7, 524288 bytes)
[    0.013593] Mount-cache hash table entries: 2048 (order: 2, 16384 bytes)
[    0.016004] Mountpoint-cache hash table entries: 2048 (order: 2, 16384 bytes)
[    0.017535] Last level iTLB entries: 4KB 64, 2MB 8, 4MB 8
[    0.018536] Last level dTLB entries: 4KB 64, 2MB 0, 4MB 0, 1GB 4
[    0.020002] Spectre V1 : Mitigation: usercopy/swapgs barriers and __user pointer sanitization
[    0.022097] Spectre V2 : Mitigation: Full generic retpoline
[    0.024002] Spectre V2 : Spectre v2 / SpectreRSB mitigation: Filling RSB on context switch
[    0.026304] Speculative Store Bypass: Vulnerable
[    0.027216] SRBDS: Unknown: Dependent on hypervisor status
[    0.028002] MDS: Mitigation: Clear CPU buffers
[    0.029546] Freeing SMP alternatives memory: 36K
[    0.140617] smpboot: CPU0: Intel(R) Core(TM) i7-6920HQ CPU @ 2.90GHz (family: 0x6, model: 0x5e, stepping: 0x3)
[    0.142932] Performance Events: unsupported p6 CPU model 94 no PMU driver, software events only.
[    0.144038] Hierarchical SRCU implementation.
[    0.145871] NMI watchdog: Perf event create on CPU 0 failed with -2
[    0.147275] NMI watchdog: Perf NMI watchdog permanently disabled
[    0.148063] smp: Bringing up secondary CPUs ...
[    0.149002] x86: Booting SMP configuration:
[    0.149955] .... node  #0, CPUs:      #1
[    0.004000] kvm-clock: cpu 1, msr 0:3ff44041, secondary cpu clock
[    0.155389] smp: Brought up 1 node, 2 CPUs
[    0.156007] smpboot: Max logical packages: 1
[    0.157150] smpboot: Total of 2 processors activated (11615.99 BogoMIPS)
[    0.159015] devtmpfs: initialized
[    0.160048] x86/mm: Memory block size: 128MB
[    0.161009] evm: security.selinux
[    0.161985] evm: security.SMACK64
[    0.162975] evm: security.SMACK64EXEC
[    0.164005] evm: security.SMACK64TRANSMUTE
[    0.165569] evm: security.SMACK64MMAP
[    0.166345] evm: security.apparmor
[    0.167051] evm: security.ima
[    0.168005] evm: security.capability
[    0.169148] clocksource: jiffies: mask: 0xffffffff max_cycles: 0xffffffff, max_idle_ns: 7645041785100000 ns
[    0.172014] futex hash table entries: 512 (order: 3, 32768 bytes)
[    0.175431] pinctrl core: initialized pinctrl subsystem
[    0.176119] RTC time: 17:17:32, date: 03/07/21
[    0.177336] NET: Registered protocol family 16
[    0.178349] audit: initializing netlink subsys (disabled)
[    0.180033] audit: type=2000 audit(1615137460.058:1): state=initialized audit_enabled=0 res=1
[    0.181843] cpuidle: using governor ladder
[    0.181843] cpuidle: using governor menu
[    0.184050] ACPI: bus type PCI registered
[    0.184931] acpiphp: ACPI Hot Plug PCI Controller Driver version: 0.5
[    0.186367] PCI: Using configuration type 1 for base access
[    0.188569] HugeTLB registered 2.00 MiB page size, pre-allocated 0 pages
[    0.189435] ACPI: Added _OSI(Module Device)
[    0.189435] ACPI: Added _OSI(Processor Device)
[    0.192004] ACPI: Added _OSI(3.0 _SCP Extensions)
[    0.192962] ACPI: Added _OSI(Processor Aggregator Device)
[    0.194076] ACPI: Added _OSI(Linux-Dell-Video)
[    0.196010] ACPI: Added _OSI(Linux-Lenovo-NV-HDMI-Audio)
[    0.197171] ACPI: Added _OSI(Linux-HPI-Hybrid-Graphics)
[    0.198588] ACPI: Executed 1 blocks of module-level executable AML code
[    0.202971] ACPI: Interpreter enabled
[    0.203835] ACPI: (supports S0 S5)
[    0.204003] ACPI: Using IOAPIC for interrupt routing
[    0.205297] PCI: Using host bridge windows from ACPI; if necessary, use "pci=nocrs" and report a bug
[    0.207185] ACPI: Enabled 2 GPEs in block 00 to 07
[    0.215091] ACPI: PCI Root Bridge [PCI0] (domain 0000 [bus 00-ff])
[    0.216006] acpi PNP0A03:00: _OSC: OS supports [ASPM ClockPM Segments MSI]
[    0.217808] acpi PNP0A03:00: _OSC: not requesting OS control; OS requires [ExtendedConfig ASPM ClockPM MSI]
[    0.220014] acpi PNP0A03:00: fail to add MMCONFIG information, can't access extended PCI configuration space under this bridge.
[    0.223041] PCI host bridge to bus 0000:00
[    0.224004] pci_bus 0000:00: root bus resource [io  0x0000-0x0cf7 window]
[    0.225289] pci_bus 0000:00: root bus resource [io  0x0d00-0xffff window]
[    0.226535] pci_bus 0000:00: root bus resource [mem 0x000a0000-0x000bffff window]
[    0.228003] pci_bus 0000:00: root bus resource [mem 0x40000000-0xfdffffff window]
[    0.229414] pci_bus 0000:00: root bus resource [bus 00-ff]
[    0.233236] pci 0000:00:01.1: legacy IDE quirk: reg 0x10: [io  0x01f0-0x01f7]
[    0.234731] pci 0000:00:01.1: legacy IDE quirk: reg 0x14: [io  0x03f6]
[    0.236004] pci 0000:00:01.1: legacy IDE quirk: reg 0x18: [io  0x0170-0x0177]
[    0.237966] pci 0000:00:01.1: legacy IDE quirk: reg 0x1c: [io  0x0376]
[    0.251322] pci 0000:00:07.0: quirk: [io  0x4000-0x403f] claimed by PIIX4 ACPI
[    0.252024] pci 0000:00:07.0: quirk: [io  0x4100-0x410f] claimed by PIIX4 SMB
[    0.260961] ACPI: PCI Interrupt Link [LNKA] (IRQs 5 9 10 *11)
[    0.263326] ACPI: PCI Interrupt Link [LNKB] (IRQs 5 9 *10 11)
[    0.264128] ACPI: PCI Interrupt Link [LNKC] (IRQs 5 *9 10 11)
[    0.265306] ACPI: PCI Interrupt Link [LNKD] (IRQs 5 9 10 *11)
[    0.268379] SCSI subsystem initialized
[    0.269157] pci 0000:00:02.0: vgaarb: setting as boot VGA device
[    0.269393] pci 0000:00:02.0: vgaarb: VGA device added: decodes=io+mem,owns=io+mem,locks=none
[    0.272013] pci 0000:00:02.0: vgaarb: bridge control possible
[    0.273104] vgaarb: loaded
[    0.273987] ACPI: bus type USB registered
[    0.274822] usbcore: registered new interface driver usbfs
[    0.276017] usbcore: registered new interface driver hub
[    0.277058] usbcore: registered new device driver usb
[    0.278058] EDAC MC: Ver: 3.0.0
[    0.280021] PCI: Using ACPI for IRQ routing
[    0.281121] NetLabel: Initializing
[    0.281785] NetLabel:  domain hash size = 128
[    0.282612] NetLabel:  protocols = UNLABELED CIPSOv4 CALIPSO
[    0.283682] NetLabel:  unlabeled traffic allowed by default
[    0.284059] clocksource: Switched to clocksource kvm-clock
[    0.299532] VFS: Disk quotas dquot_6.6.0
[    0.300673] VFS: Dquot-cache hash table entries: 512 (order 0, 4096 bytes)
[    0.302222] AppArmor: AppArmor Filesystem Enabled
[    0.303227] pnp: PnP ACPI init
[    0.305187] pnp: PnP ACPI: found 3 devices
[    0.314831] clocksource: acpi_pm: mask: 0xffffff max_cycles: 0xffffff, max_idle_ns: 2085701024 ns
[    0.317579] NET: Registered protocol family 2
[    0.318724] TCP established hash table entries: 8192 (order: 4, 65536 bytes)
[    0.320429] TCP bind hash table entries: 8192 (order: 5, 131072 bytes)
[    0.323541] TCP: Hash tables configured (established 8192 bind 8192)
[    0.324783] UDP hash table entries: 512 (order: 2, 16384 bytes)
[    0.325879] UDP-Lite hash table entries: 512 (order: 2, 16384 bytes)
[    0.327505] NET: Registered protocol family 1
[    0.328520] pci 0000:00:00.0: Limiting direct PCI/PCI transfers
[    0.329636] pci 0000:00:01.0: Activating ISA DMA hang workarounds
[    0.330818] pci 0000:00:02.0: Video device with shadowed ROM at [mem 0x000c0000-0x000dffff]
[    0.332481] Unpacking initramfs...
[    0.632976] Freeing initrd memory: 19224K
[    0.634365] clocksource: tsc: mask: 0xffffffffffffffff max_cycles: 0x29dc03c1beb, max_idle_ns: 440795205215 ns
[    0.637178] platform rtc_cmos: registered platform RTC device (no PNP device found)
[    0.639569] Scanning for low memory corruption every 60 seconds
[    0.641551] Initialise system trusted keyrings
[    0.642717] Key type blacklist registered
[    0.643776] workingset: timestamp_bits=36 max_order=18 bucket_order=0
[    0.645890] zbud: loaded
[    0.646837] squashfs: version 4.0 (2009/01/31) Phillip Lougher
[    0.648275] fuse init (API version 7.26)
[    0.654148] Key type asymmetric registered
[    0.655226] Asymmetric key parser 'x509' registered
[    0.656175] Block layer SCSI generic (bsg) driver version 0.4 loaded (major 246)
[    0.657637] io scheduler noop registered
[    0.658636] io scheduler deadline registered
[    0.659466] io scheduler cfq registered (default)
[    0.660820] ACPI: AC Adapter [AC] (on-line)
[    0.661678] input: Power Button as /devices/LNXSYSTM:00/LNXPWRBN:00/input/input0
[    0.663213] ACPI: Power Button [PWRF]
[    0.663999] input: Sleep Button as /devices/LNXSYSTM:00/LNXSLPBN:00/input/input1
[    0.666074] ACPI: Sleep Button [SLPF]
[    0.668297] ACPI: Battery Slot [BAT0] (battery present)
[    0.668318] Serial: 8250/16550 driver, 32 ports, IRQ sharing enabled
[    0.692468] 00:02: ttyS0 at I/O 0x3f8 (irq = 4, base_baud = 115200) is a 16550A
[    0.696891] Linux agpgart interface v0.103
[    0.699289] loop: module loaded
[    0.700658] scsi host0: ata_piix
[    0.702099] scsi host1: ata_piix
[    0.703187] ata1: PATA max UDMA/33 cmd 0x1f0 ctl 0x3f6 bmdma 0xd000 irq 14
[    0.705046] ata2: PATA max UDMA/33 cmd 0x170 ctl 0x376 bmdma 0xd008 irq 15
[    0.707420] libphy: Fixed MDIO Bus: probed
[    0.709013] tun: Universal TUN/TAP device driver, 1.6
[    0.710426] PPP generic driver version 2.4.2
[    0.711403] ehci_hcd: USB 2.0 'Enhanced' Host Controller (EHCI) Driver
[    0.712696] ehci-pci: EHCI PCI platform driver
[    0.713594] ehci-platform: EHCI generic platform driver
[    0.714598] ohci_hcd: USB 1.1 'Open' Host Controller (OHCI) Driver
[    0.715840] ohci-pci: OHCI PCI platform driver
[    0.716734] ohci-platform: OHCI generic platform driver
[    0.717928] uhci_hcd: USB Universal Host Controller Interface driver
[    0.719705] i8042: PNP: PS/2 Controller [PNP0303:PS2K,PNP0f03:PS2M] at 0x60,0x64 irq 1,12
[    0.722651] serio: i8042 KBD port at 0x60,0x64 irq 1
[    0.724069] serio: i8042 AUX port at 0x60,0x64 irq 12
[    0.725677] mousedev: PS/2 mouse device common for all mice
[    0.727621] input: AT Translated Set 2 keyboard as /devices/platform/i8042/serio0/input/input2
[    0.730654] rtc_cmos rtc_cmos: rtc core: registered rtc_cmos as rtc0
[    0.732446] rtc_cmos rtc_cmos: alarms up to one day, 114 bytes nvram
[    0.733962] i2c /dev entries driver
[    0.734845] device-mapper: uevent: version 1.0.3
[    0.736325] device-mapper: ioctl: 4.37.0-ioctl (2017-09-20) initialised: dm-devel@redhat.com
[    0.738648] ledtrig-cpu: registered to indicate activity on CPUs
[    0.740333] NET: Registered protocol family 10
[    0.745668] Segment Routing with IPv6
[    0.746740] NET: Registered protocol family 17
[    0.747683] Key type dns_resolver registered
[    0.748891] mce: Using 0 MCE banks
[    0.749582] RAS: Correctable Errors collector initialized.
[    0.750666] sched_clock: Marking stable (748867088, 0)->(899175344, -150308256)
[    0.752829] registered taskstats version 1
[    0.753963] Loading compiled-in X.509 certificates
[    0.756999] Loaded X.509 cert 'Build time autogenerated kernel key: c356b48d5f070be9e15fb09bbd57426939f0386e'
[    0.758847] zswap: loaded using pool lzo/zbud
[    0.763006] Key type big_key registered
[    0.763892] Key type trusted registered
[    0.766439] Key type encrypted registered
[    0.767217] AppArmor: AppArmor sha1 policy hashing enabled
[    0.768277] ima: No TPM chip found, activating TPM-bypass! (rc=-19)
[    0.769444] ima: Allocated hash algorithm: sha1
[    0.770305] evm: HMAC attrs: 0x1
[    0.771179]   Magic number: 13:30:289
[    0.771910] tty tty22: hash matches
[    0.772706] rtc_cmos rtc_cmos: setting system clock to 2021-03-07 17:17:32 UTC (1615137452)
[    0.774516] BIOS EDD facility v0.16 2004-Jun-25, 0 devices found
[    0.776152] EDD information not available.
[    0.891076] Freeing unused kernel image memory: 2440K
[    0.907912] Write protecting the kernel read-only data: 20480k
[    0.910400] Freeing unused kernel image memory: 2008K
[    0.912306] Freeing unused kernel image memory: 1868K
[    0.921840] x86/mm: Checked W+X mappings: passed, no W+X pages found.
[    0.923738] x86/mm: Checking user space page tables
[    0.932971] x86/mm: Checked W+X mappings: passed, no W+X pages found.
Loading, please wait...
starting version 237
[    1.003138] Fusion MPT base driver 3.04.20
[    1.004528] Copyright (c) 1999-2008 LSI Corporation
[    1.015456] e1000: Intel(R) PRO/1000 Network Driver - version 7.3.21-k8-NAPI
[    1.016997] e1000: Copyright (c) 1999-2006 Intel Corporation.
[    1.018248] AVX2 version of gcm_enc/dec engaged.
[    1.019307] AES CTR mode by8 optimization enabled
[    1.020376] Fusion MPT SPI Host driver 3.04.20
[    1.218998] input: ImExPS/2 Generic Explorer Mouse as /devices/platform/i8042/serio1/input/input4
[    1.434594] e1000 0000:00:03.0 eth0: (PCI:33MHz:32-bit) 02:23:22:c3:32:51
[    1.436593] e1000 0000:00:03.0 eth0: Intel(R) PRO/1000 Network Connection
[    1.439548] mptbase: ioc0: Initiating bringup
[    1.440211] e1000 0000:00:03.0 enp0s3: renamed from eth0
[    1.776865] ioc0: LSI53C1030 A0: Capabilities={Initiator}
[    4.037842] scsi host2: ioc0: LSI53C1030 A0, FwRev=00000000h, Ports=1, MaxQ=256, IRQ=20
[    5.642199] scsi 2:0:0:0: Direct-Access     VBOX     HARDDISK         1.0  PQ: 0 ANSI: 5
[    5.680138] scsi target2:0:0: Beginning Domain Validation
[    5.684463] scsi target2:0:0: Domain Validation skipping write tests
[    5.686207] scsi target2:0:0: Ending Domain Validation
[    5.687561] scsi target2:0:0: asynchronous
[    5.689277] scsi 2:0:1:0: Direct-Access     VBOX     HARDDISK         1.0  PQ: 0 ANSI: 5
[    5.720109] scsi target2:0:1: Beginning Domain Validation
[    5.724603] random: fast init done
[    5.725938] scsi target2:0:1: Domain Validation skipping write tests
[    5.727479] scsi target2:0:1: Ending Domain Validation
[    5.728873] scsi target2:0:1: asynchronous
[    5.735176] random: systemd-udevd: uninitialized urandom read (16 bytes read)
[    5.737150] sd 2:0:0:0: Attached scsi generic sg0 type 0
[    5.737225] random: systemd-udevd: uninitialized urandom read (16 bytes read)
[    5.740230] random: systemd-udevd: uninitialized urandom read (16 bytes read)
[    5.742047] sd 2:0:0:0: [sda] 83886080 512-byte logical blocks: (42.9 GB/40.0 GiB)
[    5.742129] sd 2:0:1:0: Attached scsi generic sg1 type 0
[    5.743990] sd 2:0:0:0: [sda] Write Protect is off
[    5.747326] sd 2:0:1:0: [sdb] 20480 512-byte logical blocks: (10.5 MB/10.0 MiB)
[    5.747381] sd 2:0:0:0: [sda] Incomplete mode parameter data
[    5.750747] sd 2:0:0:0: [sda] Assuming drive cache: write through
[    5.750782] sd 2:0:1:0: [sdb] Write Protect is off
[    5.753631]  sda: sda1
[    5.755938] sd 2:0:1:0: [sdb] Incomplete mode parameter data
[    5.756141] sd 2:0:0:0: [sda] Attached SCSI disk
[    5.757252] sd 2:0:1:0: [sdb] Assuming drive cache: write through
[    5.761679] sd 2:0:1:0: [sdb] Attached SCSI disk
Begin: Loading essential drivers ... [    7.380304] raid6: sse2x1   gen() 10090 MB/s
[    7.430049] raid6: sse2x1   xor()  8761 MB/s
[    7.477397] raid6: sse2x2   gen() 14635 MB/s
[    7.524015] raid6: sse2x2   xor()  8932 MB/s
[    7.572295] raid6: sse2x4   gen() 16125 MB/s
[    7.621291] raid6: sse2x4   xor() 10686 MB/s
[    7.668011] raid6: avx2x1   gen() 22830 MB/s
[    7.716237] raid6: avx2x1   xor() 15211 MB/s
[    7.764205] raid6: avx2x2   gen() 24986 MB/s
[    7.812117] raid6: avx2x2   xor() 16469 MB/s
[    7.864423] raid6: avx2x4   gen() 35550 MB/s
[    7.912164] raid6: avx2x4   xor() 19187 MB/s
[    7.913407] raid6: using algorithm avx2x4 gen() 35550 MB/s
[    7.914460] raid6: .... xor() 19187 MB/s, rmw enabled
[    7.915425] raid6: using avx2x2 recovery algorithm
[    7.917543] xor: automatically using best checksumming function   avx       
[    7.920393] async_tx: api initialized (async)
done.
Begin: Running /scripts/init-premount ... done.
Begin: Mounting root file system ... Begin: Running /scripts/local-top ... done.
Begin: Running /scripts/local-premount ... [    7.960259] Btrfs loaded, crc32c=crc32c-intel
Scanning for Btrfs filesystems
done.
Warning: fsck not present, so skipping root file system
[    7.992077] EXT4-fs (sda1): mounted filesystem with ordered data mode. Opts: (null)
done.
Begin: Running /scripts/local-bottom ... done.
Begin: Running /scripts/init-bottom ... done.
[    8.164688] ip_tables: (C) 2000-2006 Netfilter Core Team
[    8.176376] systemd[1]: systemd 237 running in system mode. (+PAM +AUDIT +SELINUX +IMA +APPARMOR +SMACK +SYSVINIT +UTMP +LIBCRYPTSETUP +GCRYPT +GNUTLS +ACL +XZ +LZ4 +SECCOMP +BLKID +ELFUTILS +KMOD -IDN2 +IDN -PCRE2 default-hierarchy=hybrid)
[    8.180783] systemd[1]: Detected virtualization oracle.
[    8.182284] systemd[1]: Detected architecture x86-64.

Welcome to [1mUbuntu 18.04.5 LTS[0m!

[    8.187804] systemd[1]: Set hostname to <ubuntu>.
[    8.204004] systemd[1]: Initializing machine ID from random generator.
[    8.205546] systemd[1]: Installed transient /etc/machine-id file.
[    8.490108] systemd[1]: Reached target System Time Synchronized.
[[0;32m  OK  [0m] Reached target System Time Synchronized.
[    8.492329] systemd[1]: Reached target User and Group Name Lookups.
[[0;32m  OK  [0m] Reached target User and Group Name Lookups.
[    8.495626] systemd[1]: Set up automount Arbitrary Executable File Formats File System Automount Point.
[[0;32m  OK  [0m] Set up automount Arbitrary Executab…rmats File System Automount Point.
[    8.498520] systemd[1]: Reached target Swap.
[[0;32m  OK  [0m] Reached target Swap.
[[0;32m  OK  [0m] Created slice System Slice.
[[0;32m  OK  [0m] Created slice system-serial\x2dgetty.slice.
[[0;32m  OK  [0m] Listening on LVM2 poll daemon socket.
[[0;32m  OK  [0m] Listening on udev Kernel Socket.
[[0;32m  OK  [0m] Listening on Journal Socket (/dev/log).
[[0;32m  OK  [0m] Listening on fsck to fsckd communication Socket.
[[0;32m  OK  [0m] Listening on Network Service Netlink Socket.
[[0;32m  OK  [0m] Listening on Syslog Socket.
[[0;32m  OK  [0m] Listening on udev Control Socket.
[[0;32m  OK  [0m] Created slice User and Session Slice.
[[0;32m  OK  [0m] Reached target Slices.
[[0;32m  OK  [0m] Listening on Journal Socket.
         Mounting Kernel Debug File System...
         Starting Uncomplicated firewall...
         Starting Set the console keyboard layout...
         Mounting Huge Pages File System...
         Starting udev Coldplug all Devices...
         Starting Load Kernel Modules...
         Mounting POSIX Message Queue File System...
         Starting File System Check on Root Device...
[[0;32m  OK  [0m] Listening on LVM2 metadata daemon socket.
[[0;32m  OK  [0m] Listening on Journal Audit Socket.
[    9.106882] Loading iSCSI transport class v2.0-870.
[    9.114603] iscsi: registered transport (tcp)
         Starting Journal Service...
[[0;32m  OK  [0m] Listening on /dev/initctl Compatibility Named Pipe.
         Starting Create list of required st…ce nodes for the current kernel...
[[0;32m  OK  [0m] Started Forward Password Requests to Wall Directory Watch.
[    9.163053] iscsi: registered transport (iser)
[[0;32m  OK  [0m] Listening on Device-mapper event daemon FIFOs.
         Starting Monitoring of LVM2 mirrors…ng dmeventd or progress polling...
[[0;32m  OK  [0m] Started Journal Service.
[[0;32m  OK  [0m] Mounted Kernel Debug File System.
[[0;32m  OK  [0m] Started Uncomplicated firewall.
[[0;32m  OK  [0m] Mounted Huge Pages File System.
[[0;32m  OK  [0m] Started Load Kernel Modules.
[[0;32m  OK  [0m] Mounted POSIX Message Queue File System.
[[0;32m  OK  [0m] Started File System Check on Root Device.
[[0;32m  OK  [0m] Started Create list of required sta…vice nodes for the current kernel.
[[0;32m  OK  [0m] Started File System Check Daemon to report status.
         Starting Create Static Device Nodes in /dev...
         Starting Remount Root and Kernel File Systems...
         Mounting FUSE Control File System...
         Starting Apply Kernel Variables...
         Mounting Kernel Configuration File System...
[[0;32m  OK  [0m] Started Set the console keyboard layout.
[[0;32m  OK  [0m] Mounted FUSE Control File System.
[[0;32m  OK  [0m] Mounted Kernel Configuration File System.
[[0;32m  OK  [0m] Started LVM2 metadata daemon.
[[0;32m  OK  [0m] Started udev Coldplug all Devices.
[[0;32m  OK  [0m] Started Create Static Device Nodes in /dev.
[[0;32m  OK  [0m] Started Remount Root and Kernel File Systems.
         Starting udev Kernel Device Manager...
         Starting Flush Journal to Persistent Storage...
         Starting Load/Save Random Seed...
[[0;32m  OK  [0m] Started Monitoring of LVM2 mirrors,…sing dmeventd or progress polling.
[[0;32m  OK  [0m] Started Apply Kernel Variables.
[[0;32m  OK  [0m] Reached target Local File Systems (Pre).
[[0;32m  OK  [0m] Reached target Local File Systems.
         Starting Tell Plymouth To Write Out Runtime Data...
         Starting AppArmor initialization...
         Starting Set console font and keymap...
         Starting Commit a transient machine-id on disk...
         Starting ebtables ruleset management...
[[0;32m  OK  [0m] Started Load/Save Random Seed.
[[0;32m  OK  [0m] Started Tell Plymouth To Write Out Runtime Data.
[[0;32m  OK  [0m] Started Set console font and keymap.
[[0;32m  OK  [0m] Started udev Kernel Device Manager.
[[0;32m  OK  [0m] Started Dispatch Password Requests to Console Directory Watch.
[[0;32m  OK  [0m] Reached target Local Encrypted Volumes.
[[0;32m  OK  [0m] Started Flush Journal to Persistent Storage.
[[0;32m  OK  [0m] Started Commit a transient machine-id on disk.
         Starting Create Volatile Files and Directories...
[[0;32m  OK  [0m] Started Create Volatile Files and Directories.
[[0;32m  OK  [0m] Started ebtables ruleset management.
         Starting Update UTMP about System Boot/Shutdown...
[[0;32m  OK  [0m] Started Update UTMP about System Boot/Shutdown.
[[0;32m  OK  [0m] Found device /dev/ttyS0.
[[0;32m  OK  [0m] Listening on Load/Save RF Kill Switch Status /dev/rfkill Watch.
[[0;32m  OK  [0m] Started AppArmor initialization.
         Starting Load AppArmor profiles managed internally by snapd...
         Starting Initial cloud-init job (pre-networking)...
[[0;32m  OK  [0m] Started Load AppArmor profiles managed internally by snapd.
[   11.574206] cloud-init[576]: Cloud-init v. 20.4.1-0ubuntu1~18.04.1 running 'init-local' at Sun, 07 Mar 2021 17:17:42 +0000. Up 11.20 seconds.
[[0;32m  OK  [0m] Started Initial cloud-init job (pre-networking).
[[0;32m  OK  [0m] Reached target Network (Pre).
         Starting Network Service...
[[0;32m  OK  [0m] Started Network Service.
         Starting Network Name Resolution...
         Starting Wait for Network to be Configured...
[[0;32m  OK  [0m] Started Network Name Resolution.
[[0;32m  OK  [0m] Reached target Host and Network Name Lookups.
[[0;32m  OK  [0m] Reached target Network.
[[0;32m  OK  [0m] Started Wait for Network to be Configured.
         Starting Initial cloud-init job (metadata service crawler)...
[   14.015733] cloud-init[702]: Cloud-init v. 20.4.1-0ubuntu1~18.04.1 running 'init' at Sun, 07 Mar 2021 17:17:45 +0000. Up 13.86 seconds.
[   14.018003] cloud-init[702]: ci-info: ++++++++++++++++++++++++++++++++++++++Net device info++++++++++++++++++++++++++++++++++++++
[   14.028461] cloud-init[702]: ci-info: +--------+------+----------------------------+---------------+--------+-------------------+
[   14.029752] cloud-init[702]: ci-info: | Device |  Up  |          Address           |      Mask     | Scope  |     Hw-Address    |
[   14.031128] cloud-init[702]: ci-info: +--------+------+----------------------------+---------------+--------+-------------------+
[   14.044173] cloud-init[702]: ci-info: | enp0s3 | True |         10.0.2.15          | 255.255.255.0 | global | 02:23:22:c3:32:51 |
[   14.056331] cloud-init[702]: ci-info: | enp0s3 | True | fe80::23:22ff:fec3:3251/64 |       .       |  link  | 02:23:22:c3:32:51 |
[   14.058144] cloud-init[702]: ci-info: |   lo   | True |         127.0.0.1          |   255.0.0.0   |  host  |         .         |
[   14.059503] cloud-init[702]: ci-info: |   lo   | True |          ::1/128           |       .       |  host  |         .         |
[   14.060798] cloud-init[702]: ci-info: +--------+------+----------------------------+---------------+--------+-------------------+
[   14.062420] cloud-init[702]: ci-info: ++++++++++++++++++++++++++++Route IPv4 info+++++++++++++++++++++++++++++
[   14.063986] cloud-init[702]: ci-info: +-------+-------------+----------+-----------------+-----------+-------+
[   14.065547] cloud-init[702]: ci-info: | Route | Destination | Gateway  |     Genmask     | Interface | Flags |
[   14.067060] cloud-init[702]: ci-info: +-------+-------------+----------+-----------------+-----------+-------+
[   14.068587] cloud-init[702]: ci-info: |   0   |   0.0.0.0   | 10.0.2.2 |     0.0.0.0     |   enp0s3  |   UG  |
[   14.070089] cloud-init[702]: ci-info: |   1   |   10.0.2.0  | 0.0.0.0  |  255.255.255.0  |   enp0s3  |   U   |
[   14.071431] cloud-init[702]: ci-info: |   2   |   10.0.2.2  | 0.0.0.0  | 255.255.255.255 |   enp0s3  |   UH  |
[   14.072803] cloud-init[702]: ci-info: +-------+-------------+----------+-----------------+-----------+-------+
[   14.074336] cloud-init[702]: ci-info: +++++++++++++++++++Route IPv6 info+++++++++++++++++++
[   14.075594] cloud-init[702]: ci-info: +-------+-------------+---------+-----------+-------+
[   14.076752] cloud-init[702]: ci-info: | Route | Destination | Gateway | Interface | Flags |
[   14.077826] cloud-init[702]: ci-info: +-------+-------------+---------+-----------+-------+
[   14.088148] cloud-init[702]: ci-info: |   1   |  fe80::/64  |    ::   |   enp0s3  |   U   |
[   14.088982] cloud-init[702]: ci-info: |   3   |    local    |    ::   |   enp0s3  |   U   |
[   14.100330] cloud-init[702]: ci-info: |   4   |   ff00::/8  |    ::   |   enp0s3  |   U   |
[   14.101434] cloud-init[702]: ci-info: +-------+-------------+---------+-----------+-------+
[   14.679467] cloud-init[702]: Generating public/private rsa key pair.
[   14.680721] cloud-init[702]: Your identification has been saved in /etc/ssh/ssh_host_rsa_key.
[   14.681762] cloud-init[702]: Your public key has been saved in /etc/ssh/ssh_host_rsa_key.pub.
[   14.682579] cloud-init[702]: The key fingerprint is:
[   14.692713] cloud-init[702]: SHA256:n/adTiqeOfXLwZXDtkMh4dzvN72rU3LiJPyc9N96ZCU root@ubuntu-bionic
[   14.704536] cloud-init[702]: The key's randomart image is:
[   14.716559] cloud-init[702]: +---[RSA 2048]----+
[[0;32m  OK  [0m] Started Initial cloud-init job (metadata service crawler).
[   14.732539] cloud-init[702]: |             .   |
[[0;32m  OK  [0m] Reached target System Initialization.
[   14.749547] [[0;32m  OK  [0m] Started Message of the Day.
[[0;32m  OK  [0m] Started Daily Cleanup of Temporary Directories.
[[0;32m  OK  [0m] Listening on Open-iSCSI iscsid Socket.
cloud-init[702]: |            o o  |
[[0;32m  OK  [0m] Listening on D-Bus System Message Bus Socket.
[[0;32m  OK  [0m] Listening on UUID daemon activation socket.
[[0;32m  OK  [0m] Started ACPI Events Check.
         Starting LXD - unix socket.
         Starting Socket activation for snappy daemon.
[[0;32m  OK  [0m] Listening on ACPID Listen Socket.
[   14.766771] cloud-init[702]: |             + o |
[[0;32m  OK  [0m] Started Daily apt download activities.
[   14.785667] cloud-init[702]: |              E =|
[[0;32m  OK  [0m[   14.796913] cloud-init[702]: |        S .    B+|
[   14.797712] cloud-init[702]: |         . +.*o=*|
[   14.798022] cloud-init[702]: |          +.B.@*+|
[   14.798291] cloud-init[702]: |         .o+ @.+B|
[   14.798427] cloud-init[702]: |         .+oooX*=|
] Started Daily apt upgrade and clean activities.
[   14.798649] cloud-init[702]: +----[SHA256]-----+
[[   14.816433] cloud-init[702]: Generating public/private dsa key pair.
[   14.816545] cloud-init[702]: Your identification has been saved in /etc/ssh/ssh_host_dsa_key.
[0;32m  OK  [0m] Started Discard unused blocks once a week.
[   14.817621] cloud-init[702]: Your public key has been saved in /etc/ssh/ssh_host_dsa_key.pub.
[[0;32m  OK  [0m] Reached target Timers.
[[   14.833557] [0;32m  OK  [0mcloud-init] [702]: Reached target Paths.The key fingerprint is:

[[   14.844591] cloud-init[702]: SHA256:CBi5Zz7pSOy8Xce/Eo4FZkP/nn9lALdeeGjr9atmvqg root@ubuntu-bionic
[   14.844888] cloud-init[702]: The key's randomart image is:
[0;32m  OK  [0m] [   14.844966] Reached target Cloud-config availability.cloud-init
[702]: +---[DSA 1024]----+
[[0;32m  OK  [0m[   14.847827] ] cloud-initReached target Network is Online.[702]: 
|  ..             |
[   14.849227] cloud-init[702]: |  .o  .     . .  |
[[   14.850172] cloud-init[702]: |  .... .     o + |
[   14.850253] cloud-init[702]: |  . o.=..     * o|
[0;32m  OK  [0m] Reached target Remote File Systems (Pre).
[   14.850380] cloud-init[702]: | . + +.oS.   o = |
[[0;32m  OK  [0m[   14.853868] ] cloud-initReached target Remote File Systems.[702]: 
|  o +  .o .   o +|
[   14.855243] cloud-init[702]: | + o ..+oo . . +.|
[   14.856517] cloud-init[702]: |  +.....o.o .oo .|
[   14.857526] cloud-init[702]: |  ...    E++==o..|
[   14.858436] cloud-init[702]: +----[SHA256]-----+
[   14.859254] cloud-init[702]: Generating public/private ecdsa key pair.
[   14.860936] cloud-init[702]: Your identification has been saved in /etc/ssh/ssh_host_ecdsa_key.
[   14.862918] cloud-init[702]: Your public key has been saved in /etc/ssh/ssh_host_ecdsa_key.pub.
         [   14.864646] cloud-init[702]: The key fingerprint is:
[   14.864960] cloud-init[702]: SHA256:uHhe62rsyfQAdCTTLGqM4Z/QnLZsRafmnCVO+bnOjB4 root@ubuntu-bionic
[   14.866572] cloud-init[702]: The key's randomart image is:
[   14.867515] cloud-init[702]: +---[ECDSA 256]---+
[   14.868850] cloud-init[702]: |    oo.          |
[   14.869619] cloud-init[702]: |.   .=o.         |
[   14.871100] cloud-init[702]: |.+o.+.=          |
[   14.871575] Starting Availability of block devices...
[[0;32m  OK  [0m] Listening on LXD - unix socket.
cloud-init[702]: |.o+* O o         |
[[0;32m  OK  [0m] Listening on Socket activation for snappy daemon.
[[   14.892248] cloud-init[702]: | .= @ * S        |
[   14.892418] cloud-init[702]: |   * B +         |
[0;32m  OK  [0m[   14.893520] ] cloud-initStarted Availability of block devices.[702]: 
|  . .E= o        |
[[0;32m  OK  [0m[   14.904264] cloud-init[702]: |     =B* .       |
[   14.904573] cloud-init[702]: |    .=B*+        |
[   14.905305] cloud-init[702]: +----[SHA256]-----+
[   14.907033] cloud-init[702]: Generating public/private ed25519 key pair.
] Reached target Sockets.
[[0;32m  OK  [0m] Reached target Basic System.
[   14.907585] cloud-init[702]: Your identification has been saved in /etc/ssh/ssh_host_ed25519_key.
[   14.912946] cloud-init[702]: Your public key has been saved in /etc/ssh/ssh_host_ed25519_key.pub.
[[   14.914989] cloud-init[702]: The key fingerprint is:
[   14.915106] cloud-init[702]: SHA256:p4/MbWQw1eJXPxLMi547BWYuBT6n8bF8ZbFxxp348yg root@ubuntu-bionic
[   14.916347] cloud-init[702]: The key's randomart image is:
[0;32m  OK  [0m] Started Deferred execution scheduler.
[   14.917398] cloud-init[702]: +--[ED25519 256]--+
         [   14.928174] cloud-init[702]: |           .o ..o|
[   14.928399] cloud-init[702]: |         .o .=.+=|
[   14.928619] cloud-init[702]: |        .o....+o=|
[   14.931142] cloud-init[702]: |        o+.O.o B.|
[   14.931524] cloud-init[702]: Starting Virtualbox guest utils...|        So#.= +.+|

[   14.931637] cloud-init[702]: |         =oBEo. .|
[   14.933877] cloud-init[702]: |        .o. +.   |
[   14.944494] cloud-init[702]: |       o +.o     |
[[0;32m  OK  [0m] Started irqbalance daemon.[   14.956748] cloud-init[702]: |        +.o .    |
[   14.957571] cloud-init[702]: +----[SHA256]-----+

         Starting Dispatcher daemon for systemd-networkd...
[[0;32m  OK  [0m] Started Regular background program processing daemon.
         Starting LSB: Record successful boot for GRUB...
[[0;32m  OK  [0m] Started D-Bus System Message Bus.
         Starting Accounts Service...
         Starting LXD - container startup/shutdown...
         Starting Permit User Sessions...
         Starting Snap Daemon...
[[0;32m  OK  [0m] Started FUSE filesystem for LXC.
         Starting LSB: automatic crash report generation...
         Starting Login Service...
         Starting System Logging Service...
         Starting Pollinate to seed the pseudo random number generator...
[[0;32m  OK  [0m] Started LXD - container startup/shutdown.
[[0;32m  OK  [0m] Started Permit User Sessions.
[[0;32m  OK  [0m] Started System Logging Service.
[[0;32m  OK  [0m] Started Dispatcher daemon for systemd-networkd.
[[0;32m  OK  [0m] Started Login Service.
[[0;32m  OK  [0m] Started Unattended Upgrades Shutdown.
         Starting Authorization Manager...
         Starting Hold until boot process finishes up...
         Starting Terminate Plymouth Boot Screen...
[[0;32m  OK  [0m] Started Hold until boot process finishes up.
[[0;32m  OK  [0m] Started Terminate Plymouth Boot Screen.
         Starting Set console scheme...
[[0;32m  OK  [0m] Started Serial Getty on ttyS0.
[[0;32m  OK  [0m] Started Authorization Manager.
[[0;32m  OK  [0m] Started Accounts Service.
[[0;32m  OK  [0m] Started Set console scheme.
[[0;32m  OK  [0m] Created slice system-getty.slice.
[[0;32m  OK  [0m] Started Getty on tty1.
[[0;32m  OK  [0m] Reached target Login Prompts.
[[0;32m  OK  [0m] Started LSB: automatic crash report generation.
[[0;32m  OK  [0m] Started LSB: Record successful boot for GRUB.
[[0;32m  OK  [0m] Started Virtualbox guest utils.
[[0;32m  OK  [0m] Started Snap Daemon.
         Starting Wait until snapd is fully seeded...
[[0;32m  OK  [0m] Started Pollinate to seed the pseudo random number generator.
         Starting OpenBSD Secure Shell server...
[[0;32m  OK  [0m] Started OpenBSD Secure Shell server.
[[0;32m  OK  [0m] Created slice User Slice of vagrant.
         Starting User Manager for UID 1000...
[[0;32m  OK  [0m] Started Session 1 of user vagrant.
[[0;32m  OK  [0m] Started User Manager for UID 1000.
         Stopping User Manager for UID 1000...
[[0;32m  OK  [0m] Stopped User Manager for UID 1000.
[[0;32m  OK  [0m] Removed slice User Slice of vagrant.
[[0;32m  OK  [0m] Created slice User Slice of vagrant.
         Starting User Manager for UID 1000...
[[0;32m  OK  [0m] Started Session 3 of user vagrant.
[[0;32m  OK  [0m] Started User Manager for UID 1000.

Ubuntu 18.04.5 LTS ubuntu-bionic ttyS0

ubuntu-bionic login: [   22.192920] cloud-init[1755]: Cloud-init v. 20.4.1-0ubuntu1~18.04.1 running 'modules:config' at Sun, 07 Mar 2021 17:17:53 +0000. Up 21.76 seconds.
ci-info: no authorized SSH keys fingerprints found for user ubuntu.
<14>Mar  7 17:17:54 ec2: 
<14>Mar  7 17:17:54 ec2: #############################################################
<14>Mar  7 17:17:54 ec2: -----BEGIN SSH HOST KEY FINGERPRINTS-----
<14>Mar  7 17:17:54 ec2: 1024 SHA256:CBi5Zz7pSOy8Xce/Eo4FZkP/nn9lALdeeGjr9atmvqg root@ubuntu-bionic (DSA)
<14>Mar  7 17:17:54 ec2: 256 SHA256:uHhe62rsyfQAdCTTLGqM4Z/QnLZsRafmnCVO+bnOjB4 root@ubuntu-bionic (ECDSA)
<14>Mar  7 17:17:54 ec2: 256 SHA256:p4/MbWQw1eJXPxLMi547BWYuBT6n8bF8ZbFxxp348yg root@ubuntu-bionic (ED25519)
<14>Mar  7 17:17:54 ec2: 2048 SHA256:n/adTiqeOfXLwZXDtkMh4dzvN72rU3LiJPyc9N96ZCU root@ubuntu-bionic (RSA)
<14>Mar  7 17:17:54 ec2: -----END SSH HOST KEY FINGERPRINTS-----
<14>Mar  7 17:17:54 ec2: #############################################################
-----BEGIN SSH HOST KEY KEYS-----
ecdsa-sha2-nistp256 AAAAE2VjZHNhLXNoYTItbmlzdHAyNTYAAAAIbmlzdHAyNTYAAABBBHvEs0JxEXuHbwNBk6lgsvGE7OX41k9zDqAfLO51hJmotlQCytaKsxUEDwBgalI1wPVXcp3cSzfSp67MmXHEDJk= root@ubuntu-bionic
ssh-ed25519 AAAAC3NzaC1lZDI1NTE5AAAAIJpiBPLW71aXRL2pkAUgPNMCg6rHv97mKoenc2p1kHXa root@ubuntu-bionic
ssh-rsa AAAAB3NzaC1yc2EAAAADAQABAAABAQDn35cwB1quU7Y724u4tKCHuaduPzcHhuKGNRT4F1Km5GMxv2H17w0qluCBUi93OGC6Vq/21/0RWfTAXUIiJYu9B130fKCGhjJgNkLsj5f6CwPeIloActU76GF9Q7NaySBXprP/JJDRm+HwSsr6sYmZYpRARSZof3I97Q3kj5ZB447I4/Biy6/+7YY67YQWjc5ieJpJx6n068TDwsdg106KK3Jm5mUw8ELGgpwyO1KbgNY8DHsXoEtiUQ3elsTlz5kBVNWtO1Szip5QoKwwI+HJ5gKO5nb7TaEl6h7BdNvZWa7F8c+7lzAEHdH5IHS7eTlsz+yMRS9eCcW74tAW9N6j root@ubuntu-bionic
-----END SSH HOST KEY KEYS-----
[   23.010157] cloud-init[1944]: Cloud-init v. 20.4.1-0ubuntu1~18.04.1 running 'modules:final' at Sun, 07 Mar 2021 17:17:54 +0000. Up 22.85 seconds.
[   23.010238] cloud-init[1944]: ci-info: no authorized SSH keys fingerprints found for user ubuntu.
[   23.010278] cloud-init[1944]: Cloud-init v. 20.4.1-0ubuntu1~18.04.1 finished at Sun, 07 Mar 2021 17:17:54 +0000. Datasource DataSourceNoCloud [seed=/dev/sdb][dsmode=net].  Up 23.00 seconds
